*** Using Compiler 'V5.06 update 5 (build 528)', folder: 'D:\MyStudy\keil5\ARM\ARMCC\Bin'
Build target 'cxcy'
compiling adc.c...
compiling lv_port_disp_template.c...
compiling led.c...
compiling main.c...
compiling usart.c...
compiling gpio.c...
compiling ft6336.c...
compiling dma.c...
compiling lcd.c...
compiling lv_port_indev_template.c...
compiling freertos.c...
compiling bmp280.c...
compiling stm32f4xx_it.c...
compiling touch.c...
compiling tim.c...
compiling stm32f4xx_hal_msp.c...
compiling esp8266.c...
compiling spi.c...
compiling i2c.c...
compiling funtion.c...
linking...
Program Size: Code=181740 RO-data=158744 RW-data=784 ZI-data=97604  
FromELF: creating hex file...
"cxcy\cxcy.axf" - 0 Error(s), 0 Warning(s).
Build Time Elapsed:  00:00:19
